{
  "RSpec": {
    "coverage": {
      "/Users/andybird/projects/MakersBnB/spec/features/booking_spec.rb": {
        "lines": [
          1,
          1,
          1,
          null,
          null,
          null,
          1,
          1,
          null,
          null
        ]
      },
      "/Users/andybird/projects/MakersBnB/spec/features/creating_a_new_space_spec.rb": {
        "lines": [
          1,
          1,
          null,
          null,
          1,
          1,
          1,
          null,
          null,
          null,
          null,
          null
        ]
      }
    },
    "timestamp": 1637064563
  }
}
